2025-11-04 20:21:50,382 - INFO - ingesting begin_inventory.csv in db
2025-11-04 20:21:52,373 - INFO - ingesting end_inventory.csv in db
2025-11-04 20:21:58,694 - INFO - ingesting purchases.csv in db
2025-11-04 20:22:35,288 - INFO - ingesting purchase_prices.csv in db
2025-11-04 20:22:51,793 - INFO - ingesting sales.csv in db
2025-11-04 20:27:01,822 - INFO - ingesting vendor_invoice.csv in db
2025-11-04 20:27:01,996 - INFO - ------------------Ingestion Complete------------------
2025-11-04 20:27:01,996 - INFO - Total Time Taken: 5.198088765144348 minutes
2025-11-05 16:29:58,463 - INFO - ingesting begin_inventory.csv in db
2025-11-05 16:30:02,042 - INFO - ingesting end_inventory.csv in db
2025-11-05 16:30:09,472 - INFO - ingesting purchases.csv in db
2025-11-05 16:31:05,592 - INFO - ingesting purchase_prices.csv in db
2025-11-05 16:31:22,723 - INFO - ingesting sales.csv in db
2025-11-05 16:37:01,323 - INFO - ingesting vendor_invoice.csv in db
2025-11-05 16:37:01,499 - INFO - ------------------Ingestion Complete------------------
2025-11-05 16:37:01,499 - INFO - Total Time Taken: 7.055420164267222 minutes
2025-11-06 16:48:57,360 - INFO - ingesting begin_inventory.csv in db
2025-11-06 16:48:59,772 - INFO - ingesting end_inventory.csv in db
2025-11-06 16:49:06,205 - INFO - ingesting purchases.csv in db
2025-11-06 16:49:48,384 - INFO - ingesting purchase_prices.csv in db
2025-11-06 16:50:04,760 - INFO - ingesting sales.csv in db
2025-11-06 16:54:55,646 - INFO - ingesting vendor_invoice.csv in db
2025-11-06 16:54:55,805 - INFO - ------------------Ingestion Complete------------------
2025-11-06 16:54:55,805 - INFO - Total Time Taken: 5.978955403963725 minutes
2025-11-06 18:27:26,265 - INFO - Creating Vendor Summary Table.....
2025-11-06 18:31:39,525 - INFO - Creating Vendor Summary Table...
2025-11-06 18:36:58,552 - INFO - Creating Vendor Summary Table...
2025-11-06 18:37:43,566 - INFO - 
   VendorNumber                   VendorName  Brand              Description  PurchasePrice  ActualPrice Volume  TotalPurchaseQuantity  TotalPurchaseDollars  TotalSalesQuantity  TotalSalesDollars  TotalSalesPrice  TotalExciseTax  FreightCost
0          1128  BROWN-FORMAN CORP             1233  Jack Daniels No 7 Black          26.27        36.99   1750                 145080            3811251.60            142049.0         5101919.51        672819.31       260999.20     68601.68
1          4425        MARTIGNETTI COMPANIES   3405    Tito's Handmade Vodka          23.19        28.99   1750                 164038            3804041.22            160247.0         4819073.49        561512.37       294438.66    144929.24
2         17035  PERNOD RICARD USA             8068         Absolut 80 Proof          18.24        24.99   1750                 187407            3418303.68            187140.0         4538120.60        461140.15       343854.07    123780.22
3          3960  DIAGEO NORTH AMERICA INC      4261   Capt Morgan Spiced Rum          16.17        22.99   1750                 201682            3261197.94            200412.0         4475972.88        420050.01       368242.80    257032.07
4          3960  DIAGEO NORTH AMERICA INC      3545          Ketel One Vodka          21.89        29.99   1750                 138109            3023206.01            135838.0         4223107.62        545778.28       249587.83    257032.07
2025-11-06 18:37:43,566 - INFO - Cleaning Data...
2025-11-06 18:37:43,582 - INFO - 
   VendorNumber                VendorName  Brand              Description  PurchasePrice  ActualPrice  Volume  TotalPurchaseQuantity  TotalPurchaseDollars  TotalSalesQuantity  TotalSalesDollars  TotalSalesPrice  TotalExciseTax  FreightCost  Gross Profit  ProfitMargin  StockTurnover  SalesToPurchaseRatio
0          1128         BROWN-FORMAN CORP   1233  Jack Daniels No 7 Black          26.27        36.99  1750.0                 145080            3811251.60            142049.0         5101919.51        672819.31       260999.20     68601.68    1290667.91     25.297693       0.979108              1.338647
1          4425     MARTIGNETTI COMPANIES   3405    Tito's Handmade Vodka          23.19        28.99  1750.0                 164038            3804041.22            160247.0         4819073.49        561512.37       294438.66    144929.24    1015032.27     21.062810       0.976890              1.266830
2         17035         PERNOD RICARD USA   8068         Absolut 80 Proof          18.24        24.99  1750.0                 187407            3418303.68            187140.0         4538120.60        461140.15       343854.07    123780.22    1119816.92     24.675786       0.998575              1.327594
3          3960  DIAGEO NORTH AMERICA INC   4261   Capt Morgan Spiced Rum          16.17        22.99  1750.0                 201682            3261197.94            200412.0         4475972.88        420050.01       368242.80    257032.07    1214774.94     27.139908       0.993703              1.372493
4          3960  DIAGEO NORTH AMERICA INC   3545          Ketel One Vodka          21.89        29.99  1750.0                 138109            3023206.01            135838.0         4223107.62        545778.28       249587.83    257032.07    1199901.61     28.412764       0.983556              1.396897
2025-11-06 18:37:43,582 - INFO - Ingesting data...
2025-11-06 18:37:43,675 - INFO - Completed
2025-11-15 11:26:22,464 - INFO - ingesting begin_inventory.csv in db
2025-11-15 11:26:25,365 - INFO - ingesting end_inventory.csv in db
2025-11-15 11:26:32,495 - INFO - ingesting purchases.csv in db
2025-11-15 11:27:26,512 - INFO - ingesting purchase_prices.csv in db
2025-11-15 11:27:43,654 - INFO - ingesting sales.csv in db
2025-11-15 11:33:13,758 - INFO - ingesting vendor_invoice.csv in db
2025-11-15 11:33:13,948 - INFO - ------------------Ingestion Complete------------------
2025-11-15 11:33:13,948 - INFO - Total Time Taken: 6.8622698028882345 minutes
2025-11-15 11:52:46,483 - INFO - ingesting begin_inventory.csv in db
2025-11-15 11:52:48,349 - INFO - ingesting end_inventory.csv in db
2025-11-15 11:52:54,129 - INFO - ingesting purchases.csv in db
2025-11-15 11:53:27,557 - INFO - ingesting purchase_prices.csv in db
2025-11-15 11:53:43,739 - INFO - ingesting sales.csv in db
2025-11-15 11:58:34,580 - INFO - ingesting vendor_invoice.csv in db
2025-11-15 11:58:34,728 - INFO - ------------------Ingestion Complete------------------
2025-11-15 11:58:34,728 - INFO - Total Time Taken: 5.808517694473267 minutes
2025-11-15 12:02:16,526 - INFO - Creating Vendor Summary Table...
2025-11-15 12:02:56,634 - INFO - 
   VendorNumber                   VendorName  Brand              Description  PurchasePrice  ActualPrice Volume  TotalPurchaseQuantity  TotalPurchaseDollars  TotalSalesQuantity  TotalSalesDollars  TotalSalesPrice  TotalExciseTax  FreightCost
0          1128  BROWN-FORMAN CORP             1233  Jack Daniels No 7 Black          26.27        36.99   1750                 145080            3811251.60            142049.0         5101919.51        672819.31       260999.20     68601.68
1          4425        MARTIGNETTI COMPANIES   3405    Tito's Handmade Vodka          23.19        28.99   1750                 164038            3804041.22            160247.0         4819073.49        561512.37       294438.66    144929.24
2         17035  PERNOD RICARD USA             8068         Absolut 80 Proof          18.24        24.99   1750                 187407            3418303.68            187140.0         4538120.60        461140.15       343854.07    123780.22
3          3960  DIAGEO NORTH AMERICA INC      4261   Capt Morgan Spiced Rum          16.17        22.99   1750                 201682            3261197.94            200412.0         4475972.88        420050.01       368242.80    257032.07
4          3960  DIAGEO NORTH AMERICA INC      3545          Ketel One Vodka          21.89        29.99   1750                 138109            3023206.01            135838.0         4223107.62        545778.28       249587.83    257032.07
2025-11-15 12:02:56,634 - INFO - Cleaning Data...
2025-11-15 12:02:56,966 - INFO - 
   VendorNumber                VendorName  Brand              Description  PurchasePrice  ActualPrice  Volume  TotalPurchaseQuantity  TotalPurchaseDollars  TotalSalesQuantity  TotalSalesDollars  TotalSalesPrice  TotalExciseTax  FreightCost  Gross Profit  ProfitMargin  StockTurnover  SalesToPurchaseRatio
0          1128         BROWN-FORMAN CORP   1233  Jack Daniels No 7 Black          26.27        36.99  1750.0                 145080            3811251.60            142049.0         5101919.51        672819.31       260999.20     68601.68    1290667.91     25.297693       0.979108              1.338647
1          4425     MARTIGNETTI COMPANIES   3405    Tito's Handmade Vodka          23.19        28.99  1750.0                 164038            3804041.22            160247.0         4819073.49        561512.37       294438.66    144929.24    1015032.27     21.062810       0.976890              1.266830
2         17035         PERNOD RICARD USA   8068         Absolut 80 Proof          18.24        24.99  1750.0                 187407            3418303.68            187140.0         4538120.60        461140.15       343854.07    123780.22    1119816.92     24.675786       0.998575              1.327594
3          3960  DIAGEO NORTH AMERICA INC   4261   Capt Morgan Spiced Rum          16.17        22.99  1750.0                 201682            3261197.94            200412.0         4475972.88        420050.01       368242.80    257032.07    1214774.94     27.139908       0.993703              1.372493
4          3960  DIAGEO NORTH AMERICA INC   3545          Ketel One Vodka          21.89        29.99  1750.0                 138109            3023206.01            135838.0         4223107.62        545778.28       249587.83    257032.07    1199901.61     28.412764       0.983556              1.396897
2025-11-15 12:02:56,966 - INFO - Ingesting data...
2025-11-15 12:02:57,714 - INFO - Completed
2025-11-16 11:18:01,889 - INFO - ingesting begin_inventory.csv in db
2025-11-16 11:18:04,679 - INFO - ingesting end_inventory.csv in db
2025-11-16 11:18:11,816 - INFO - ingesting purchases.csv in db
2025-11-16 11:19:04,368 - INFO - ingesting purchase_prices.csv in db
2025-11-16 11:19:20,888 - INFO - ingesting sales.csv in db
2025-11-16 11:25:18,588 - INFO - ingesting vendor_invoice.csv in db
2025-11-16 11:25:18,762 - INFO - ------------------Ingestion Complete------------------
2025-11-16 11:25:18,762 - INFO - Total Time Taken: 7.2854557752609255 minutes
2025-11-16 11:28:15,720 - INFO - Creating Vendor Summary Table...
2025-11-16 11:28:57,269 - INFO - 
   VendorNumber                   VendorName  Brand              Description  PurchasePrice  ActualPrice Volume  TotalPurchaseQuantity  TotalPurchaseDollars  TotalSalesQuantity  TotalSalesDollars  TotalSalesPrice  TotalExciseTax  FreightCost
0          1128  BROWN-FORMAN CORP             1233  Jack Daniels No 7 Black          26.27        36.99   1750                 145080            3811251.60            142049.0         5101919.51        672819.31       260999.20     68601.68
1          4425        MARTIGNETTI COMPANIES   3405    Tito's Handmade Vodka          23.19        28.99   1750                 164038            3804041.22            160247.0         4819073.49        561512.37       294438.66    144929.24
2         17035  PERNOD RICARD USA             8068         Absolut 80 Proof          18.24        24.99   1750                 187407            3418303.68            187140.0         4538120.60        461140.15       343854.07    123780.22
3          3960  DIAGEO NORTH AMERICA INC      4261   Capt Morgan Spiced Rum          16.17        22.99   1750                 201682            3261197.94            200412.0         4475972.88        420050.01       368242.80    257032.07
4          3960  DIAGEO NORTH AMERICA INC      3545          Ketel One Vodka          21.89        29.99   1750                 138109            3023206.01            135838.0         4223107.62        545778.28       249587.83    257032.07
2025-11-16 11:28:57,269 - INFO - Cleaning Data...
2025-11-16 11:28:57,285 - INFO - 
   VendorNumber                VendorName  Brand              Description  PurchasePrice  ActualPrice  Volume  TotalPurchaseQuantity  TotalPurchaseDollars  TotalSalesQuantity  TotalSalesDollars  TotalSalesPrice  TotalExciseTax  FreightCost  Gross Profit  ProfitMargin  StockTurnover  SalesToPurchaseRatio
0          1128         BROWN-FORMAN CORP   1233  Jack Daniels No 7 Black          26.27        36.99  1750.0                 145080            3811251.60            142049.0         5101919.51        672819.31       260999.20     68601.68    1290667.91     25.297693       0.979108              1.338647
1          4425     MARTIGNETTI COMPANIES   3405    Tito's Handmade Vodka          23.19        28.99  1750.0                 164038            3804041.22            160247.0         4819073.49        561512.37       294438.66    144929.24    1015032.27     21.062810       0.976890              1.266830
2         17035         PERNOD RICARD USA   8068         Absolut 80 Proof          18.24        24.99  1750.0                 187407            3418303.68            187140.0         4538120.60        461140.15       343854.07    123780.22    1119816.92     24.675786       0.998575              1.327594
3          3960  DIAGEO NORTH AMERICA INC   4261   Capt Morgan Spiced Rum          16.17        22.99  1750.0                 201682            3261197.94            200412.0         4475972.88        420050.01       368242.80    257032.07    1214774.94     27.139908       0.993703              1.372493
4          3960  DIAGEO NORTH AMERICA INC   3545          Ketel One Vodka          21.89        29.99  1750.0                 138109            3023206.01            135838.0         4223107.62        545778.28       249587.83    257032.07    1199901.61     28.412764       0.983556              1.396897
2025-11-16 11:28:57,285 - INFO - Ingesting data...
2025-11-16 11:28:57,364 - INFO - Completed
